2021-11-22 13:14:17,497 [main] INFO  com.revature.banking.util.AppState - Initializing application...
2021-11-22 13:14:17,504 [main] INFO  com.revature.banking.util.AppState - Successful application initialized!
2021-11-22 13:14:18,066 [main] INFO  com.revature.banking.orm.utils.CrudORM - app_users exists.
2021-11-22 13:14:18,355 [main] INFO  com.revature.banking.orm.utils.CrudORM - bank_accounts exists.
2021-11-22 13:16:54,865 [main] INFO  com.revature.banking.util.AppState - Initializing application...
2021-11-22 13:16:54,871 [main] INFO  com.revature.banking.util.AppState - Successful application initialized!
2021-11-22 13:16:55,429 [main] INFO  com.revature.banking.orm.utils.CrudORM - app_users -- table already exists.
2021-11-22 13:16:55,737 [main] INFO  com.revature.banking.orm.utils.CrudORM - bank_accounts -- table already exists.
2021-11-23 07:43:11,035 [main] INFO  com.revature.banking.util.AppState - Initializing application...
2021-11-23 07:43:11,044 [main] INFO  com.revature.banking.util.AppState - Successful application initialized!
2021-11-23 07:43:12,343 [main] INFO  com.revature.banking.orm.utils.CrudORM - app_users -- table already exists.
2021-11-23 07:43:12,543 [main] INFO  com.revature.banking.orm.utils.CrudORM - bank_accounts -- table already exists.
2021-11-23 08:52:30,197 [main] INFO  com.revature.banking.util.AppState - Initializing application...
2021-11-23 08:52:30,204 [main] INFO  com.revature.banking.util.AppState - Successful application initialized!
2021-11-23 08:52:31,016 [main] INFO  com.revature.banking.orm.utils.CrudORM - app_users -- table already exists.
2021-11-23 08:52:31,244 [main] INFO  com.revature.banking.orm.utils.CrudORM - bank_accounts -- table already exists.
2021-11-23 10:37:07,341 [main] INFO  com.revature.banking.util.AppState - Initializing application...
2021-11-23 10:37:07,351 [main] INFO  com.revature.banking.util.AppState - Successful application initialized!
2021-11-23 10:37:08,375 [main] INFO  com.revature.banking.orm.utils.CrudORM - app_users -- table already exists.
2021-11-23 10:37:08,633 [main] INFO  com.revature.banking.orm.utils.CrudORM - bank_accounts -- table already exists.
2021-11-23 14:08:12,824 [main] INFO  com.revature.banking.util.AppState - Initializing application...
2021-11-23 14:08:12,831 [main] INFO  com.revature.banking.util.AppState - Successful application initialized!
2021-11-23 14:08:13,984 [main] INFO  com.revature.banking.orm.utils.CrudORM - bank_accounts -- table already exists.
2021-11-23 14:08:34,892 [main] INFO  com.revature.banking.util.AppState - Initializing application...
2021-11-23 14:08:34,899 [main] INFO  com.revature.banking.util.AppState - Successful application initialized!
2021-11-23 14:08:36,079 [main] INFO  com.revature.banking.orm.utils.CrudORM - bank_accounts -- table already exists.
2021-11-23 14:09:20,771 [main] INFO  com.revature.banking.util.AppState - Initializing application...
2021-11-23 14:09:20,777 [main] INFO  com.revature.banking.util.AppState - Successful application initialized!
2021-11-23 14:09:21,908 [main] INFO  com.revature.banking.orm.utils.CrudORM - bank_accounts -- table already exists.
2021-11-23 14:09:41,810 [main] INFO  com.revature.banking.util.AppState - Initializing application...
2021-11-23 14:09:41,816 [main] INFO  com.revature.banking.util.AppState - Successful application initialized!
2021-11-23 14:09:42,925 [main] INFO  com.revature.banking.orm.utils.CrudORM - bank_accounts -- table already exists.
2021-11-23 14:10:14,487 [main] INFO  com.revature.banking.util.AppState - Initializing application...
2021-11-23 14:10:14,493 [main] INFO  com.revature.banking.util.AppState - Successful application initialized!
2021-11-23 14:10:15,672 [main] INFO  com.revature.banking.orm.utils.CrudORM - bank_accounts -- table already exists.
2021-11-23 14:10:30,996 [main] INFO  com.revature.banking.util.AppState - Initializing application...
2021-11-23 14:10:31,003 [main] INFO  com.revature.banking.util.AppState - Successful application initialized!
2021-11-23 14:10:38,072 [main] INFO  com.revature.banking.orm.utils.CrudORM - bank_accounts -- table already exists.
2021-11-23 14:10:58,045 [main] INFO  com.revature.banking.util.AppState - Initializing application...
2021-11-23 14:10:58,054 [main] INFO  com.revature.banking.util.AppState - Successful application initialized!
2021-11-23 14:13:12,366 [main] INFO  com.revature.banking.orm.utils.CrudORM - bank_accounts -- table already exists.
2021-11-23 14:14:46,408 [main] INFO  com.revature.banking.util.AppState - Initializing application...
2021-11-23 14:14:46,414 [main] INFO  com.revature.banking.util.AppState - Successful application initialized!
2021-11-23 14:15:14,211 [main] INFO  com.revature.banking.orm.utils.CrudORM - bank_accounts -- table already exists.
2021-11-23 14:15:26,682 [main] INFO  com.revature.banking.util.AppState - Initializing application...
2021-11-23 14:15:26,689 [main] INFO  com.revature.banking.util.AppState - Successful application initialized!
2021-11-23 14:15:32,945 [main] INFO  com.revature.banking.orm.utils.CrudORM - bank_accounts -- table does not exist.
2021-11-23 14:15:49,884 [main] INFO  com.revature.banking.orm.utils.CrudORM -  CREATE TABLE banking.bank_accounts ( bank_account_id varchar NOT NULL , account_name varchar ( 255) NOT NULL , account_number varchar ( 255) NOT NULL , account_type varchar ( 255) NOT NULL , balance float8 NOT NULL Default 0.00, creator_id varchar ( 255) NOT NULL , date_added timestamp NOT NULL Default LOCALTIMESTAMP, CONSTRAINT bank_accounts_bank_account_id_pk PRIMARY KEY (bank_account_id), CONSTRAINT bank_accounts_account_name_key UNIQUE (account_name), CONSTRAINT bank_accounts_account_name_check Check (((account_name)::text <> ''::text)), CONSTRAINT bank_accounts_account_number_key UNIQUE (account_number), CONSTRAINT bank_accounts_account_number_check Check (((account_number)::text <> ''::text)), CONSTRAINT bank_accounts_account_type_check Check (((account_type)::text <> ''::text)), CONSTRAINT bank_accounts_creator_id_check Check (((creator_id)::text <> ''::text)), CONSTRAINT bank_accounts_creator_id_fk FOREIGN KEY (creator_id) REFERENCES banking.app_users(user_id) ); 
2021-11-23 14:16:11,455 [main] INFO  com.revature.banking.util.AppState - Initializing application...
2021-11-23 14:16:11,461 [main] INFO  com.revature.banking.util.AppState - Successful application initialized!
2021-11-23 14:16:20,197 [main] INFO  com.revature.banking.orm.utils.CrudORM - bank_accounts -- table does not exist.
2021-11-23 14:16:20,197 [main] INFO  com.revature.banking.orm.utils.CrudORM -  CREATE TABLE banking.bank_accounts ( bank_account_id varchar NOT NULL , account_name varchar ( 255) NOT NULL , account_number varchar ( 255) NOT NULL , account_type varchar ( 255) NOT NULL , balance float8 NOT NULL Default 0.00, creator_id varchar ( 255) NOT NULL , date_added timestamp NOT NULL Default LOCALTIMESTAMP, CONSTRAINT bank_accounts_bank_account_id_pk PRIMARY KEY (bank_account_id), CONSTRAINT bank_accounts_account_name_key UNIQUE (account_name), CONSTRAINT bank_accounts_account_name_check Check (((account_name)::text <> ''::text)), CONSTRAINT bank_accounts_account_number_key UNIQUE (account_number), CONSTRAINT bank_accounts_account_number_check Check (((account_number)::text <> ''::text)), CONSTRAINT bank_accounts_account_type_check Check (((account_type)::text <> ''::text)), CONSTRAINT bank_accounts_creator_id_check Check (((creator_id)::text <> ''::text)), CONSTRAINT bank_accounts_creator_id_fk FOREIGN KEY (creator_id) REFERENCES banking.app_users(user_id) ); 
2021-11-23 14:17:26,594 [main] INFO  com.revature.banking.util.AppState - Initializing application...
2021-11-23 14:17:26,599 [main] INFO  com.revature.banking.util.AppState - Successful application initialized!
2021-11-23 14:17:27,696 [main] INFO  com.revature.banking.orm.utils.CrudORM - bank_accounts -- table does not exist.
2021-11-23 14:17:27,696 [main] INFO  com.revature.banking.orm.utils.CrudORM -  CREATE TABLE banking.bank_accounts ( bank_account_id varchar NOT NULL , account_name varchar ( 255) NOT NULL , account_number varchar ( 255) NOT NULL , account_type varchar ( 255) NOT NULL , balance float8 NOT NULL Default 0.00, creator_id varchar ( 255) NOT NULL , date_added timestamp NOT NULL Default LOCALTIMESTAMP, CONSTRAINT bank_accounts_bank_account_id_pk PRIMARY KEY (bank_account_id), CONSTRAINT bank_accounts_account_name_key UNIQUE (account_name), CONSTRAINT bank_accounts_account_name_check Check (((account_name)::text <> ''::text)), CONSTRAINT bank_accounts_account_number_key UNIQUE (account_number), CONSTRAINT bank_accounts_account_number_check Check (((account_number)::text <> ''::text)), CONSTRAINT bank_accounts_account_type_check Check (((account_type)::text <> ''::text)), CONSTRAINT bank_accounts_creator_id_check Check (((creator_id)::text <> ''::text)), CONSTRAINT bank_accounts_creator_id_fk FOREIGN KEY (creator_id) REFERENCES banking.app_users(user_id) ); 
2021-11-23 14:21:24,353 [main] INFO  com.revature.banking.util.AppState - Initializing application...
2021-11-23 14:21:24,359 [main] INFO  com.revature.banking.util.AppState - Successful application initialized!
2021-11-23 14:21:25,589 [main] INFO  com.revature.banking.orm.utils.CrudORM - app_users -- table does not exist.
2021-11-23 14:21:25,589 [main] INFO  com.revature.banking.orm.utils.CrudORM -  CREATE TABLE banking.app_users ( user_id varchar NOT NULL00 , first_name varchar ( 25) NOT NULL , last_name varchar ( 25) NOT NULL , email varchar ( 255) NOT NULL , username varchar ( 255) NOT NULL , password varchar ( 255) NOT NULL , date_added timestamp NOT NULL Default LOCALTIMESTAMP, CONSTRAINT app_users_user_id_pk PRIMARY KEY (user_id), CONSTRAINT app_users_first_name_check Check (((first_name)::text <> ''::text)), CONSTRAINT app_users_last_name_check Check (((last_name)::text <> ''::text)), CONSTRAINT app_users_email_key UNIQUE (email), CONSTRAINT app_users_email_check Check (((email)::text <> ''::text)), CONSTRAINT app_users_username_key UNIQUE (username), CONSTRAINT app_users_username_check Check (((username)::text <> ''::text)), CONSTRAINT app_users_password_check Check (((password)::text <> ''::text)) ); 
2021-11-23 14:36:10,403 [main] INFO  com.revature.banking.util.AppState - Initializing application...
2021-11-23 14:36:10,410 [main] INFO  com.revature.banking.util.AppState - Successful application initialized!
2021-11-23 14:36:10,428 [main] INFO  com.revature.banking.orm.utils.CrudORM - +----------------------------------------------------------*
2021-11-23 14:36:10,430 [main] INFO  com.revature.banking.orm.utils.CrudORM - Found <<--- 2 --->> target classes.

2021-11-23 14:36:10,430 [main] INFO  com.revature.banking.orm.utils.CrudORM - +----------------------------------------------------------*
2021-11-23 14:36:11,542 [main] INFO  com.revature.banking.orm.utils.CrudORM - app_users -- table does not exist.
2021-11-23 14:36:11,543 [main] INFO  com.revature.banking.orm.utils.CrudORM -  CREATE TABLE banking.app_users ( user_id varchar NOT NULL , first_name varchar ( 25) NOT NULL , last_name varchar ( 25) NOT NULL , email varchar ( 255) NOT NULL , username varchar ( 255) NOT NULL , password varchar ( 255) NOT NULL , date_added timestamp NOT NULL Default LOCALTIMESTAMP, CONSTRAINT app_users_user_id_pk PRIMARY KEY (user_id), CONSTRAINT app_users_first_name_check Check (((first_name)::text <> ''::text)), CONSTRAINT app_users_last_name_check Check (((last_name)::text <> ''::text)), CONSTRAINT app_users_email_key UNIQUE (email), CONSTRAINT app_users_email_check Check (((email)::text <> ''::text)), CONSTRAINT app_users_username_key UNIQUE (username), CONSTRAINT app_users_username_check Check (((username)::text <> ''::text)), CONSTRAINT app_users_password_check Check (((password)::text <> ''::text)) ); 
2021-11-23 14:36:11,793 [main] INFO  com.revature.banking.orm.utils.CrudORM - bank_accounts -- table does not exist.
2021-11-23 14:36:11,793 [main] INFO  com.revature.banking.orm.utils.CrudORM -  CREATE TABLE banking.bank_accounts ( bank_account_id varchar NOT NULL , account_name varchar ( 255) NOT NULL , account_number varchar ( 255) NOT NULL , account_type varchar ( 255) NOT NULL , balance float8 NOT NULL Default 0.00, creator_id varchar ( 255) NOT NULL , date_added timestamp NOT NULL Default LOCALTIMESTAMP, CONSTRAINT bank_accounts_bank_account_id_pk PRIMARY KEY (bank_account_id), CONSTRAINT bank_accounts_account_name_key UNIQUE (account_name), CONSTRAINT bank_accounts_account_name_check Check (((account_name)::text <> ''::text)), CONSTRAINT bank_accounts_account_number_key UNIQUE (account_number), CONSTRAINT bank_accounts_account_number_check Check (((account_number)::text <> ''::text)), CONSTRAINT bank_accounts_account_type_check Check (((account_type)::text <> ''::text)), CONSTRAINT bank_accounts_creator_id_check Check (((creator_id)::text <> ''::text)), CONSTRAINT bank_accounts_creator_id_fk FOREIGN KEY (creator_id) REFERENCES banking.app_users(user_id) ); 
2021-11-24 11:05:01,438 [main] INFO  com.revature.banking.util.AppState - Initializing application...
2021-11-24 11:05:01,444 [main] INFO  com.revature.banking.util.AppState - Successful application initialized!
2021-11-24 11:05:53,432 [main] INFO  com.revature.banking.orm.utils.CrudORM - insert into banking.app_users( user_id, first_name, last_name, email, username, password) values (?, ?, ?, ?, ?, ?)
2021-11-24 11:06:08,549 [main] INFO  com.revature.banking.util.AppState - Initializing application...
2021-11-24 11:06:08,555 [main] INFO  com.revature.banking.util.AppState - Successful application initialized!
2021-11-24 11:06:25,478 [main] INFO  com.revature.banking.orm.utils.CrudORM - insert into banking.app_users( user_id, first_name, last_name, email, username, password) values (?, ?, ?, ?, ?, ?)
2021-11-24 11:11:03,627 [main] INFO  com.revature.banking.util.AppState - Initializing application...
2021-11-24 11:11:03,633 [main] INFO  com.revature.banking.util.AppState - Successful application initialized!
2021-11-24 11:12:42,536 [main] INFO  com.revature.banking.util.AppState - Initializing application...
2021-11-24 11:12:42,542 [main] INFO  com.revature.banking.util.AppState - Successful application initialized!
2021-11-24 11:12:43,353 [main] INFO  com.revature.banking.orm.utils.CrudORM - insert into banking.app_users( user_id, first_name, last_name, email, username, password) values (?, ?, ?, ?, ?, ?)
2021-11-24 14:55:22,676 [main] INFO  com.revature.banking.util.AppState - Initializing application...
2021-11-24 14:55:22,682 [main] INFO  com.revature.banking.util.AppState - Successful application initialized!
2021-11-24 14:55:23,436 [main] INFO  com.revature.banking.orm.utils.CrudORM - insert into banking.app_users( user_id, first_name, last_name, email, username, password) values (?, ?, ?, ?, ?, ?)
2021-11-24 14:57:19,277 [main] INFO  com.revature.banking.util.AppState - Initializing application...
2021-11-24 14:57:19,285 [main] INFO  com.revature.banking.util.AppState - Successful application initialized!
2021-11-24 14:57:20,057 [main] INFO  com.revature.banking.orm.utils.CrudORM - delete from banking.app_users where first_name = 'valid';
2021-11-24 19:30:53,916 [main] INFO  com.revature.banking.orm.utils.CrudORM -  select * from banking.app_users where first_name = 'valid' ; 
2021-11-24 19:31:24,328 [main] INFO  com.revature.banking.orm.utils.CrudORM -  select * from banking.app_users where first_name = 'valid' ; 
2021-11-24 19:32:39,254 [main] INFO  com.revature.banking.orm.utils.CrudORM -  select * from banking.app_users where first_name = 'valid' ; 
2021-11-24 19:32:59,310 [main] INFO  com.revature.banking.orm.utils.CrudORM -  select * from banking.app_users where first_name = 'valid' ; 
2021-11-24 19:33:43,539 [main] INFO  com.revature.banking.orm.utils.CrudORM -  select * from banking.app_users where first_name = 'valid_2' ; 
2021-11-24 19:40:59,349 [main] INFO  com.revature.banking.orm.utils.CrudORM -  select * from banking.app_users where first_name = 'valid_2' ; 
2021-11-24 19:41:53,268 [main] INFO  com.revature.banking.orm.utils.CrudORM -  select * from banking.app_users where first_name = 'valid_2' ; 
2021-11-24 19:45:01,432 [main] INFO  com.revature.banking.orm.utils.CrudORM -  select * from banking.app_users where first_name = 'valid_2' ; 
2021-11-24 19:45:41,412 [main] INFO  com.revature.banking.orm.utils.CrudORM -  select * from banking.app_users where first_name = 'valid_2' ; 
2021-11-24 19:46:07,417 [main] INFO  com.revature.banking.orm.utils.CrudORM -  select * from banking.app_users where first_name = 'valid_2' ; 
2021-11-24 19:51:15,089 [main] INFO  com.revature.banking.orm.utils.CrudORM -  select * from banking.app_users where first_name = 'valid_2' ; 
2021-11-24 19:52:13,673 [main] INFO  com.revature.banking.orm.utils.CrudORM -  select * from banking.app_users where first_name = 'valid_2' ; 
2021-11-24 19:52:30,015 [main] INFO  com.revature.banking.orm.utils.CrudORM -  select * from banking.app_users where first_name = 'valid_2' ; 
2021-11-25 12:40:51,688 [main] INFO  com.revature.banking.orm.utils.CrudORM - +----------------------------------------------------------*
2021-11-25 12:40:51,692 [main] INFO  com.revature.banking.orm.utils.CrudORM - Found <<--- 2 --->> target classes.

2021-11-25 12:40:51,692 [main] INFO  com.revature.banking.orm.utils.CrudORM - +----------------------------------------------------------*
2021-11-25 12:40:52,412 [main] INFO  com.revature.banking.orm.utils.CrudORM - app_users -- table does not exist.
2021-11-25 12:40:52,412 [main] INFO  com.revature.banking.orm.utils.CrudORM -  CREATE TABLE banking.app_users ( user_id varchar NOT NULL , first_name varchar ( 25) NOT NULL , last_name varchar ( 25) NOT NULL , email varchar ( 255) NOT NULL , username varchar ( 255) NOT NULL , password varchar ( 255) NOT NULL , date_added timestamp NOT NULL Default LOCALTIMESTAMP, CONSTRAINT app_users_user_id_pk PRIMARY KEY (user_id), CONSTRAINT app_users_first_name_check Check (((first_name)::text <> ''::text)), CONSTRAINT app_users_last_name_check Check (((last_name)::text <> ''::text)), CONSTRAINT app_users_email_key UNIQUE (email), CONSTRAINT app_users_email_check Check (((email)::text <> ''::text)), CONSTRAINT app_users_username_key UNIQUE (username), CONSTRAINT app_users_username_check Check (((username)::text <> ''::text)), CONSTRAINT app_users_password_check Check (((password)::text <> ''::text)) ); 
2021-11-25 12:40:52,650 [main] INFO  com.revature.banking.orm.utils.CrudORM - bank_accounts -- table does not exist.
2021-11-25 12:40:52,650 [main] INFO  com.revature.banking.orm.utils.CrudORM -  CREATE TABLE banking.bank_accounts ( bank_account_id varchar NOT NULL , account_name varchar ( 255) NOT NULL , account_number varchar ( 255) NOT NULL , account_type varchar ( 255) NOT NULL , balance float8 NOT NULL Default 0.00, creator_id varchar ( 255) NOT NULL , date_added timestamp NOT NULL Default LOCALTIMESTAMP, CONSTRAINT bank_accounts_bank_account_id_pk PRIMARY KEY (bank_account_id), CONSTRAINT bank_accounts_account_name_key UNIQUE (account_name), CONSTRAINT bank_accounts_account_name_check Check (((account_name)::text <> ''::text)), CONSTRAINT bank_accounts_account_number_key UNIQUE (account_number), CONSTRAINT bank_accounts_account_number_check Check (((account_number)::text <> ''::text)), CONSTRAINT bank_accounts_account_type_check Check (((account_type)::text <> ''::text)), CONSTRAINT bank_accounts_creator_id_check Check (((creator_id)::text <> ''::text)), CONSTRAINT bank_accounts_creator_id_fk FOREIGN KEY (creator_id) REFERENCES banking.app_users(user_id) ); 
2021-11-25 13:07:46,589 [main] INFO  com.revature.banking.orm.utils.CrudORM - +----------------------------------------------------------*
2021-11-25 13:07:46,593 [main] INFO  com.revature.banking.orm.utils.CrudORM - Found <<--- 2 --->> target classes.

2021-11-25 13:07:46,593 [main] INFO  com.revature.banking.orm.utils.CrudORM - +----------------------------------------------------------*
2021-11-25 13:07:47,303 [main] INFO  com.revature.banking.orm.utils.CrudORM - app_users -- table does not exist.
2021-11-25 13:07:47,303 [main] INFO  com.revature.banking.orm.utils.CrudORM -  CREATE TABLE banking.app_users ( user_id varchar NOT NULL , first_name varchar ( 25) NOT NULL , last_name varchar ( 25) NOT NULL , email varchar ( 255) NOT NULL , username varchar ( 255) NOT NULL , password varchar ( 255) NOT NULL , date_added timestamp NOT NULL Default LOCALTIMESTAMP, CONSTRAINT app_users_user_id_pk PRIMARY KEY (user_id), CONSTRAINT app_users_first_name_check Check (((first_name)::text <> ''::text)), CONSTRAINT app_users_last_name_check Check (((last_name)::text <> ''::text)), CONSTRAINT app_users_email_key UNIQUE (email), CONSTRAINT app_users_email_check Check (((email)::text <> ''::text)), CONSTRAINT app_users_username_key UNIQUE (username), CONSTRAINT app_users_username_check Check (((username)::text <> ''::text)), CONSTRAINT app_users_password_check Check (((password)::text <> ''::text)) ); 
2021-11-25 13:07:47,549 [main] INFO  com.revature.banking.orm.utils.CrudORM - bank_accounts -- table does not exist.
2021-11-25 13:07:47,549 [main] INFO  com.revature.banking.orm.utils.CrudORM -  CREATE TABLE banking.bank_accounts ( bank_account_id varchar NOT NULL , account_name varchar ( 255) NOT NULL , account_number varchar ( 255) NOT NULL , account_type varchar ( 255) NOT NULL , balance float8 NOT NULL Default 0.00, creator_id varchar ( 255) NOT NULL , date_added timestamp NOT NULL Default LOCALTIMESTAMP, CONSTRAINT bank_accounts_bank_account_id_pk PRIMARY KEY (bank_account_id), CONSTRAINT bank_accounts_account_name_key UNIQUE (account_name), CONSTRAINT bank_accounts_account_name_check Check (((account_name)::text <> ''::text)), CONSTRAINT bank_accounts_account_number_key UNIQUE (account_number), CONSTRAINT bank_accounts_account_number_check Check (((account_number)::text <> ''::text)), CONSTRAINT bank_accounts_account_type_check Check (((account_type)::text <> ''::text)), CONSTRAINT bank_accounts_creator_id_check Check (((creator_id)::text <> ''::text)), CONSTRAINT bank_accounts_creator_id_fk FOREIGN KEY (creator_id) REFERENCES banking.app_users(user_id) ); 
2021-11-25 13:11:24,339 [main] INFO  com.revature.banking.orm.utils.CrudORM - +----------------------------------------------------------*
2021-11-25 13:11:24,342 [main] INFO  com.revature.banking.orm.utils.CrudORM - Found <<--- 2 --->> target classes.

2021-11-25 13:11:24,343 [main] INFO  com.revature.banking.orm.utils.CrudORM - +----------------------------------------------------------*
2021-11-25 13:11:25,037 [main] INFO  com.revature.banking.orm.utils.CrudORM - app_users -- table does not exist.
2021-11-25 13:11:25,037 [main] INFO  com.revature.banking.orm.utils.CrudORM -  CREATE TABLE banking.app_users ( user_id varchar NOT NULL , first_name varchar ( 25) NOT NULL , last_name varchar ( 25) NOT NULL , email varchar ( 255) NOT NULL , username varchar ( 255) NOT NULL , password varchar ( 255) NOT NULL , date_added timestamp NOT NULL Default LOCALTIMESTAMP, CONSTRAINT app_users_user_id_pk PRIMARY KEY (user_id), CONSTRAINT app_users_first_name_check Check (((first_name)::text <> ''::text)), CONSTRAINT app_users_last_name_check Check (((last_name)::text <> ''::text)), CONSTRAINT app_users_email_key UNIQUE (email), CONSTRAINT app_users_email_check Check (((email)::text <> ''::text)), CONSTRAINT app_users_username_key UNIQUE (username), CONSTRAINT app_users_username_check Check (((username)::text <> ''::text)), CONSTRAINT app_users_password_check Check (((password)::text <> ''::text)) ); 
2021-11-25 13:11:25,321 [main] INFO  com.revature.banking.orm.utils.CrudORM - bank_accounts -- table does not exist.
2021-11-25 13:11:25,321 [main] INFO  com.revature.banking.orm.utils.CrudORM -  CREATE TABLE banking.bank_accounts ( bank_account_id varchar NOT NULL , account_name varchar ( 255) NOT NULL , account_number varchar ( 255) NOT NULL , account_type varchar ( 255) NOT NULL , balance float8 NOT NULL Default 0.00, creator_id varchar ( 255) NOT NULL , date_added timestamp NOT NULL Default LOCALTIMESTAMP, CONSTRAINT bank_accounts_bank_account_id_pk PRIMARY KEY (bank_account_id), CONSTRAINT bank_accounts_account_name_key UNIQUE (account_name), CONSTRAINT bank_accounts_account_name_check Check (((account_name)::text <> ''::text)), CONSTRAINT bank_accounts_account_number_key UNIQUE (account_number), CONSTRAINT bank_accounts_account_number_check Check (((account_number)::text <> ''::text)), CONSTRAINT bank_accounts_account_type_check Check (((account_type)::text <> ''::text)), CONSTRAINT bank_accounts_creator_id_check Check (((creator_id)::text <> ''::text)), CONSTRAINT bank_accounts_creator_id_fk FOREIGN KEY (creator_id) REFERENCES banking.app_users(user_id) ); 
2021-11-25 13:19:04,920 [main] INFO  com.revature.banking.orm.utils.CrudORM - +----------------------------------------------------------*
2021-11-25 13:19:04,924 [main] INFO  com.revature.banking.orm.utils.CrudORM - Found <<--- 2 --->> target classes.

2021-11-25 13:19:04,924 [main] INFO  com.revature.banking.orm.utils.CrudORM - +----------------------------------------------------------*
2021-11-25 13:19:05,612 [main] INFO  com.revature.banking.orm.utils.CrudORM - app_users -- table does not exist.
2021-11-25 13:19:05,612 [main] INFO  com.revature.banking.orm.utils.CrudORM -  CREATE TABLE banking.app_users ( user_id varchar NOT NULL , first_name varchar ( 25) NOT NULL , last_name varchar ( 25) NOT NULL , email varchar ( 255) NOT NULL , username varchar ( 255) NOT NULL , password varchar ( 255) NOT NULL , date_added timestamp NOT NULL Default LOCALTIMESTAMP, CONSTRAINT app_users_user_id_pk PRIMARY KEY (user_id), CONSTRAINT app_users_first_name_check Check (((first_name)::text <> ''::text)), CONSTRAINT app_users_last_name_check Check (((last_name)::text <> ''::text)), CONSTRAINT app_users_email_key UNIQUE (email), CONSTRAINT app_users_email_check Check (((email)::text <> ''::text)), CONSTRAINT app_users_username_key UNIQUE (username), CONSTRAINT app_users_username_check Check (((username)::text <> ''::text)), CONSTRAINT app_users_password_check Check (((password)::text <> ''::text)) ); 
2021-11-25 13:19:05,866 [main] INFO  com.revature.banking.orm.utils.CrudORM - bank_accounts -- table does not exist.
2021-11-25 13:19:05,866 [main] INFO  com.revature.banking.orm.utils.CrudORM -  CREATE TABLE banking.bank_accounts ( bank_account_id varchar NOT NULL , account_name varchar ( 255) NOT NULL , account_number varchar ( 255) NOT NULL , account_type varchar ( 255) NOT NULL , balance float8 NOT NULL Default 0.00, creator_id varchar ( 255) NOT NULL , date_added timestamp NOT NULL Default LOCALTIMESTAMP, CONSTRAINT bank_accounts_bank_account_id_pk PRIMARY KEY (bank_account_id), CONSTRAINT bank_accounts_account_name_key UNIQUE (account_name), CONSTRAINT bank_accounts_account_name_check Check (((account_name)::text <> ''::text)), CONSTRAINT bank_accounts_account_number_key UNIQUE (account_number), CONSTRAINT bank_accounts_account_number_check Check (((account_number)::text <> ''::text)), CONSTRAINT bank_accounts_account_type_check Check (((account_type)::text <> ''::text)), CONSTRAINT bank_accounts_creator_id_check Check (((creator_id)::text <> ''::text)), CONSTRAINT bank_accounts_creator_id_fk FOREIGN KEY (creator_id) REFERENCES banking.app_users(user_id) ); 
2021-11-25 13:19:29,937 [main] INFO  com.revature.banking.orm.utils.CrudORM - +----------------------------------------------------------*
2021-11-25 13:19:29,941 [main] INFO  com.revature.banking.orm.utils.CrudORM - Found <<--- 2 --->> target classes.

2021-11-25 13:19:29,941 [main] INFO  com.revature.banking.orm.utils.CrudORM - +----------------------------------------------------------*
2021-11-25 13:19:30,632 [main] INFO  com.revature.banking.orm.utils.CrudORM - app_users -- table already exists.
2021-11-25 13:19:30,843 [main] INFO  com.revature.banking.orm.utils.CrudORM - bank_accounts -- table already exists.
2021-11-25 13:30:13,806 [main] INFO  com.revature.banking.orm.utils.CrudORM - +----------------------------------------------------------*
2021-11-25 13:30:13,810 [main] INFO  com.revature.banking.orm.utils.CrudORM - Found <<--- 2 --->> target classes.

2021-11-25 13:30:13,810 [main] INFO  com.revature.banking.orm.utils.CrudORM - +----------------------------------------------------------*
2021-11-25 13:30:14,481 [main] INFO  com.revature.banking.orm.utils.CrudORM - app_users -- table does not exist.
2021-11-25 13:30:14,481 [main] INFO  com.revature.banking.orm.utils.CrudORM -  CREATE TABLE banking.app_users ( user_id varchar NOT NULL , first_name varchar ( 25) NOT NULL , last_name varchar ( 25) NOT NULL , email varchar ( 255) NOT NULL , username varchar ( 255) NOT NULL , password varchar ( 255) NOT NULL , date_added timestamp NOT NULL Default LOCALTIMESTAMP, CONSTRAINT app_users_user_id_pk PRIMARY KEY (user_id), CONSTRAINT app_users_first_name_check Check (((first_name)::text <> ''::text)), CONSTRAINT app_users_last_name_check Check (((last_name)::text <> ''::text)), CONSTRAINT app_users_email_key UNIQUE (email), CONSTRAINT app_users_email_check Check (((email)::text <> ''::text)), CONSTRAINT app_users_username_key UNIQUE (username), CONSTRAINT app_users_username_check Check (((username)::text <> ''::text)), CONSTRAINT app_users_password_check Check (((password)::text <> ''::text)) ); 
2021-11-25 13:30:14,717 [main] INFO  com.revature.banking.orm.utils.CrudORM - bank_accounts -- table does not exist.
2021-11-25 13:30:14,717 [main] INFO  com.revature.banking.orm.utils.CrudORM -  CREATE TABLE banking.bank_accounts ( bank_account_id varchar NOT NULL , account_name varchar ( 255) NOT NULL , account_number varchar ( 255) NOT NULL , account_type varchar ( 255) NOT NULL , balance float8 NOT NULL Default 0.00, creator_id varchar ( 255) NOT NULL , date_added timestamp NOT NULL Default LOCALTIMESTAMP, CONSTRAINT bank_accounts_bank_account_id_pk PRIMARY KEY (bank_account_id), CONSTRAINT bank_accounts_account_name_key UNIQUE (account_name), CONSTRAINT bank_accounts_account_name_check Check (((account_name)::text <> ''::text)), CONSTRAINT bank_accounts_account_number_key UNIQUE (account_number), CONSTRAINT bank_accounts_account_number_check Check (((account_number)::text <> ''::text)), CONSTRAINT bank_accounts_account_type_check Check (((account_type)::text <> ''::text)), CONSTRAINT bank_accounts_creator_id_check Check (((creator_id)::text <> ''::text)), CONSTRAINT bank_accounts_creator_id_fk FOREIGN KEY (creator_id) REFERENCES banking.app_users(user_id) ); 
2021-11-25 13:31:30,750 [main] INFO  com.revature.banking.orm.utils.CrudORM - +----------------------------------------------------------*
2021-11-25 13:31:30,753 [main] INFO  com.revature.banking.orm.utils.CrudORM - Found <<--- 2 --->> target classes.

2021-11-25 13:31:30,754 [main] INFO  com.revature.banking.orm.utils.CrudORM - +----------------------------------------------------------*
2021-11-25 13:31:31,458 [main] INFO  com.revature.banking.orm.utils.CrudORM - app_users -- table does not exist.
2021-11-25 13:31:31,459 [main] INFO  com.revature.banking.orm.utils.CrudORM -  CREATE TABLE banking.app_users ( user_id varchar NOT NULL , first_name varchar ( 25) NOT NULL , last_name varchar ( 25) NOT NULL , email varchar ( 255) NOT NULL , username varchar ( 255) NOT NULL , password varchar ( 255) NOT NULL , date_added timestamp NOT NULL Default LOCALTIMESTAMP, CONSTRAINT app_users_user_id_pk PRIMARY KEY (user_id), CONSTRAINT app_users_first_name_check Check (((first_name)::text <> ''::text)), CONSTRAINT app_users_last_name_check Check (((last_name)::text <> ''::text)), CONSTRAINT app_users_email_key UNIQUE (email), CONSTRAINT app_users_email_check Check (((email)::text <> ''::text)), CONSTRAINT app_users_username_key UNIQUE (username), CONSTRAINT app_users_username_check Check (((username)::text <> ''::text)), CONSTRAINT app_users_password_check Check (((password)::text <> ''::text)) ); 
2021-11-25 13:31:31,730 [main] INFO  com.revature.banking.orm.utils.CrudORM - bank_accounts -- table does not exist.
2021-11-25 13:31:31,730 [main] INFO  com.revature.banking.orm.utils.CrudORM -  CREATE TABLE banking.bank_accounts ( bank_account_id varchar NOT NULL , account_name varchar ( 255) NOT NULL , account_number varchar ( 255) NOT NULL , account_type varchar ( 255) NOT NULL , balance float8 NOT NULL Default 0.00, creator_id varchar ( 255) NOT NULL , date_added timestamp NOT NULL Default LOCALTIMESTAMP, CONSTRAINT bank_accounts_bank_account_id_pk PRIMARY KEY (bank_account_id), CONSTRAINT bank_accounts_account_name_key UNIQUE (account_name), CONSTRAINT bank_accounts_account_name_check Check (((account_name)::text <> ''::text)), CONSTRAINT bank_accounts_account_number_key UNIQUE (account_number), CONSTRAINT bank_accounts_account_number_check Check (((account_number)::text <> ''::text)), CONSTRAINT bank_accounts_account_type_check Check (((account_type)::text <> ''::text)), CONSTRAINT bank_accounts_creator_id_check Check (((creator_id)::text <> ''::text)), CONSTRAINT bank_accounts_creator_id_fk FOREIGN KEY (creator_id) REFERENCES banking.app_users(user_id) ); 
2021-11-25 13:36:35,771 [main] INFO  com.revature.banking.orm.utils.CrudORM - +----------------------------------------------------------*
2021-11-25 13:36:35,774 [main] INFO  com.revature.banking.orm.utils.CrudORM - Found <<--- 2 --->> target classes.

2021-11-25 13:36:35,774 [main] INFO  com.revature.banking.orm.utils.CrudORM - +----------------------------------------------------------*
2021-11-25 13:36:36,482 [main] INFO  com.revature.banking.orm.utils.CrudORM - app_users -- table does not exist.
2021-11-25 13:36:36,483 [main] INFO  com.revature.banking.orm.utils.CrudORM -  CREATE TABLE banking.app_users ( user_id varchar NOT NULL , first_name varchar ( 25) NOT NULL , last_name varchar ( 25) NOT NULL , email varchar ( 255) NOT NULL , username varchar ( 255) NOT NULL , password varchar ( 255) NOT NULL , date_added timestamp NOT NULL Default LOCALTIMESTAMP, CONSTRAINT app_users_user_id_pk PRIMARY KEY (user_id), CONSTRAINT app_users_first_name_check Check (((first_name)::text <> ''::text)), CONSTRAINT app_users_last_name_check Check (((last_name)::text <> ''::text)), CONSTRAINT app_users_email_key UNIQUE (email), CONSTRAINT app_users_email_check Check (((email)::text <> ''::text)), CONSTRAINT app_users_username_key UNIQUE (username), CONSTRAINT app_users_username_check Check (((username)::text <> ''::text)), CONSTRAINT app_users_password_check Check (((password)::text <> ''::text)) ); 
2021-11-25 13:36:36,733 [main] INFO  com.revature.banking.orm.utils.CrudORM - bank_accounts -- table does not exist.
2021-11-25 13:36:36,733 [main] INFO  com.revature.banking.orm.utils.CrudORM -  CREATE TABLE banking.bank_accounts ( bank_account_id varchar NOT NULL , account_name varchar ( 255) NOT NULL , account_number varchar ( 255) NOT NULL , account_type varchar ( 255) NOT NULL , balance float8 NOT NULL Default 0.00, creator_id varchar ( 255) NOT NULL , date_added timestamp NOT NULL Default LOCALTIMESTAMP, CONSTRAINT bank_accounts_bank_account_id_pk PRIMARY KEY (bank_account_id), CONSTRAINT bank_accounts_account_name_key UNIQUE (account_name), CONSTRAINT bank_accounts_account_name_check Check (((account_name)::text <> ''::text)), CONSTRAINT bank_accounts_account_number_key UNIQUE (account_number), CONSTRAINT bank_accounts_account_number_check Check (((account_number)::text <> ''::text)), CONSTRAINT bank_accounts_account_type_check Check (((account_type)::text <> ''::text)), CONSTRAINT bank_accounts_creator_id_check Check (((creator_id)::text <> ''::text)), CONSTRAINT bank_accounts_creator_id_fk FOREIGN KEY (creator_id) REFERENCES banking.app_users(user_id) ); 
2021-11-25 13:38:53,470 [main] INFO  com.revature.banking.orm.utils.CrudORM - +----------------------------------------------------------*
2021-11-25 13:38:53,474 [main] INFO  com.revature.banking.orm.utils.CrudORM - Found <<--- 2 --->> target classes.

2021-11-25 13:38:53,474 [main] INFO  com.revature.banking.orm.utils.CrudORM - +----------------------------------------------------------*
2021-11-25 13:38:54,183 [main] INFO  com.revature.banking.orm.utils.CrudORM - app_users -- table already exists.
2021-11-25 13:38:54,474 [main] INFO  com.revature.banking.orm.utils.CrudORM - bank_accounts -- table already exists.
2021-11-25 13:47:16,388 [main] INFO  com.revature.banking.orm.utils.CrudORM - +----------------------------------------------------------*
2021-11-25 13:47:16,392 [main] INFO  com.revature.banking.orm.utils.CrudORM - Found <<--- 2 --->> target classes.

2021-11-25 13:47:16,392 [main] INFO  com.revature.banking.orm.utils.CrudORM - +----------------------------------------------------------*
2021-11-25 13:47:17,076 [main] INFO  com.revature.banking.orm.utils.CrudORM - app_users -- table already exists.
2021-11-25 13:47:17,292 [main] INFO  com.revature.banking.orm.utils.CrudORM - bank_accounts -- table already exists.
2021-11-25 14:04:19,880 [main] INFO  com.revature.banking.orm.utils.CrudORM - +----------------------------------------------------------*
2021-11-25 14:04:19,884 [main] INFO  com.revature.banking.orm.utils.CrudORM - Found <<--- 2 --->> target classes.

2021-11-25 14:04:19,884 [main] INFO  com.revature.banking.orm.utils.CrudORM - +----------------------------------------------------------*
2021-11-25 14:04:20,570 [main] INFO  com.revature.banking.orm.utils.CrudORM - app_users -- table already exists.
2021-11-25 14:04:20,777 [main] INFO  com.revature.banking.orm.utils.CrudORM - bank_accounts -- table already exists.
2021-11-26 07:16:39,331 [main] INFO  com.revature.banking.orm.utils.CrudORM - +----------------------------------------------------------*
2021-11-26 07:16:39,334 [main] INFO  com.revature.banking.orm.utils.CrudORM - Found <<--- 2 --->> target classes.

2021-11-26 07:16:39,334 [main] INFO  com.revature.banking.orm.utils.CrudORM - +----------------------------------------------------------*
2021-11-26 07:16:40,124 [main] INFO  com.revature.banking.orm.utils.CrudORM - app_users -- table does not exist.
2021-11-26 07:16:40,124 [main] INFO  com.revature.banking.orm.utils.CrudORM -  CREATE TABLE banking.app_users ( user_id varchar NOT NULL , first_name varchar ( 25) NOT NULL , last_name varchar ( 25) NOT NULL , email varchar ( 255) NOT NULL , username varchar ( 255) NOT NULL , password varchar ( 255) NOT NULL , date_added timestamp NOT NULL Default LOCALTIMESTAMP, CONSTRAINT app_users_user_id_pk PRIMARY KEY (user_id), CONSTRAINT app_users_first_name_check Check (((first_name)::text <> ''::text)), CONSTRAINT app_users_last_name_check Check (((last_name)::text <> ''::text)), CONSTRAINT app_users_email_key UNIQUE (email), CONSTRAINT app_users_email_check Check (((email)::text <> ''::text)), CONSTRAINT app_users_username_key UNIQUE (username), CONSTRAINT app_users_username_check Check (((username)::text <> ''::text)), CONSTRAINT app_users_password_check Check (((password)::text <> ''::text)) ); 
2021-11-26 07:16:40,384 [main] INFO  com.revature.banking.orm.utils.CrudORM - bank_accounts -- table does not exist.
2021-11-26 07:16:40,384 [main] INFO  com.revature.banking.orm.utils.CrudORM -  CREATE TABLE banking.bank_accounts ( bank_account_id varchar NOT NULL , account_name varchar ( 255) NOT NULL , account_number varchar ( 255) NOT NULL , account_type varchar ( 255) NOT NULL , balance float8 NOT NULL Default 0.00, creator_id varchar ( 255) NOT NULL , date_added timestamp NOT NULL Default LOCALTIMESTAMP, CONSTRAINT bank_accounts_bank_account_id_pk PRIMARY KEY (bank_account_id), CONSTRAINT bank_accounts_account_name_key UNIQUE (account_name), CONSTRAINT bank_accounts_account_name_check Check (((account_name)::text <> ''::text)), CONSTRAINT bank_accounts_account_number_key UNIQUE (account_number), CONSTRAINT bank_accounts_account_number_check Check (((account_number)::text <> ''::text)), CONSTRAINT bank_accounts_account_type_check Check (((account_type)::text <> ''::text)), CONSTRAINT bank_accounts_creator_id_check Check (((creator_id)::text <> ''::text)), CONSTRAINT bank_accounts_creator_id_fk FOREIGN KEY (creator_id) REFERENCES banking.app_users(user_id) ); 
2021-11-26 09:11:57,885 [main] INFO  com.revature.banking.orm.utils.CrudORM - +----------------------------------------------------------*
2021-11-26 09:11:57,888 [main] INFO  com.revature.banking.orm.utils.CrudORM - Found <<--- 2 --->> target classes.

2021-11-26 09:11:57,888 [main] INFO  com.revature.banking.orm.utils.CrudORM - +----------------------------------------------------------*
2021-11-26 09:11:58,646 [main] INFO  com.revature.banking.orm.utils.CrudORM - app_users -- table already exists.
2021-11-26 09:11:58,863 [main] INFO  com.revature.banking.orm.utils.CrudORM - bank_accounts -- table already exists.
2021-11-26 09:26:35,039 [main] INFO  com.revature.banking.orm.utils.CrudORM - +----------------------------------------------------------*
2021-11-26 09:26:35,043 [main] INFO  com.revature.banking.orm.utils.CrudORM - Found <<--- 2 --->> target classes.

2021-11-26 09:26:35,043 [main] INFO  com.revature.banking.orm.utils.CrudORM - +----------------------------------------------------------*
2021-11-26 09:26:35,845 [main] INFO  com.revature.banking.orm.utils.CrudORM - app_users -- table already exists.
2021-11-26 09:26:36,058 [main] INFO  com.revature.banking.orm.utils.CrudORM - bank_accounts -- table already exists.
2021-11-26 11:57:08,264 [main] INFO  com.revature.banking.orm.utils.CrudORM - +----------------------------------------------------------*
2021-11-26 11:57:08,267 [main] INFO  com.revature.banking.orm.utils.CrudORM - Found <<--- 2 --->> target classes.

2021-11-26 11:57:08,267 [main] INFO  com.revature.banking.orm.utils.CrudORM - +----------------------------------------------------------*
2021-11-26 11:59:53,397 [main] INFO  com.revature.banking.orm.utils.CrudORM - +----------------------------------------------------------*
2021-11-26 11:59:53,801 [main] INFO  com.revature.banking.orm.utils.CrudORM - Found <<--- 2 --->> target classes.

2021-11-26 11:59:54,221 [main] INFO  com.revature.banking.orm.utils.CrudORM - +----------------------------------------------------------*
2021-11-26 12:01:07,441 [main] INFO  com.revature.banking.orm.utils.CrudORM - +----------------------------------------------------------*
2021-11-26 12:01:07,725 [main] INFO  com.revature.banking.orm.utils.CrudORM - Found <<--- 2 --->> target classes.

2021-11-26 12:01:07,992 [main] INFO  com.revature.banking.orm.utils.CrudORM - +----------------------------------------------------------*
2021-11-26 12:01:51,617 [main] INFO  com.revature.banking.orm.utils.CrudORM - +----------------------------------------------------------*
2021-11-26 12:01:51,886 [main] INFO  com.revature.banking.orm.utils.CrudORM - Found <<--- 2 --->> target classes.

2021-11-26 12:01:52,150 [main] INFO  com.revature.banking.orm.utils.CrudORM - +----------------------------------------------------------*
2021-11-26 12:02:09,536 [main] INFO  com.revature.banking.orm.utils.CrudORM - +----------------------------------------------------------*
2021-11-26 12:02:09,540 [main] INFO  com.revature.banking.orm.utils.CrudORM - Found <<--- 2 --->> target classes.

2021-11-26 12:02:09,540 [main] INFO  com.revature.banking.orm.utils.CrudORM - +----------------------------------------------------------*
2021-11-26 12:02:12,505 [main] INFO  com.revature.banking.orm.utils.CrudORM - app_users -- table already exists.
2021-11-26 12:02:12,749 [main] INFO  com.revature.banking.orm.utils.CrudORM - bank_accounts -- table already exists.
2021-11-26 12:03:03,353 [main] INFO  com.revature.banking.orm.utils.CrudORM - +----------------------------------------------------------*
2021-11-26 12:03:03,356 [main] INFO  com.revature.banking.orm.utils.CrudORM - Found <<--- 0 --->> target classes.

2021-11-26 12:03:03,356 [main] INFO  com.revature.banking.orm.utils.CrudORM - +----------------------------------------------------------*
2021-11-26 12:03:48,894 [main] INFO  com.revature.banking.orm.utils.CrudORM - +----------------------------------------------------------*
2021-11-26 12:03:48,897 [main] INFO  com.revature.banking.orm.utils.CrudORM - Found <<--- 2 --->> target classes.

2021-11-26 12:03:48,897 [main] INFO  com.revature.banking.orm.utils.CrudORM - +----------------------------------------------------------*
2021-11-26 12:03:49,802 [main] INFO  com.revature.banking.orm.utils.CrudORM - app_users -- table does not exist.
2021-11-26 12:03:49,802 [main] INFO  com.revature.banking.orm.utils.CrudORM -  CREATE TABLE banking.app_users ( user_id varchar NOT NULL , first_name varchar ( 25) NOT NULL , last_name varchar ( 25) NOT NULL , email varchar ( 255) NOT NULL , username varchar ( 255) NOT NULL , password varchar ( 255) NOT NULL , date_added timestamp NOT NULL Default LOCALTIMESTAMP, CONSTRAINT app_users_user_id_pk PRIMARY KEY (user_id), CONSTRAINT app_users_first_name_check Check (((first_name)::text <> ''::text)), CONSTRAINT app_users_last_name_check Check (((last_name)::text <> ''::text)), CONSTRAINT app_users_email_key UNIQUE (email), CONSTRAINT app_users_email_check Check (((email)::text <> ''::text)), CONSTRAINT app_users_username_key UNIQUE (username), CONSTRAINT app_users_username_check Check (((username)::text <> ''::text)), CONSTRAINT app_users_password_check Check (((password)::text <> ''::text)) ); 
2021-11-26 12:03:57,480 [main] INFO  com.revature.banking.orm.utils.CrudORM - bank_accounts -- table does not exist.
2021-11-26 12:03:57,480 [main] INFO  com.revature.banking.orm.utils.CrudORM -  CREATE TABLE banking.bank_accounts ( bank_account_id varchar NOT NULL , account_name varchar ( 255) NOT NULL , account_number varchar ( 255) NOT NULL , account_type varchar ( 255) NOT NULL , balance float8 NOT NULL Default 0.00, creator_id varchar ( 255) NOT NULL , date_added timestamp NOT NULL Default LOCALTIMESTAMP, CONSTRAINT bank_accounts_bank_account_id_pk PRIMARY KEY (bank_account_id), CONSTRAINT bank_accounts_account_name_key UNIQUE (account_name), CONSTRAINT bank_accounts_account_name_check Check (((account_name)::text <> ''::text)), CONSTRAINT bank_accounts_account_number_key UNIQUE (account_number), CONSTRAINT bank_accounts_account_number_check Check (((account_number)::text <> ''::text)), CONSTRAINT bank_accounts_account_type_check Check (((account_type)::text <> ''::text)), CONSTRAINT bank_accounts_creator_id_check Check (((creator_id)::text <> ''::text)), CONSTRAINT bank_accounts_creator_id_fk FOREIGN KEY (creator_id) REFERENCES banking.app_users(user_id) ); 
2021-11-26 13:02:54,136 [main] INFO  com.revature.banking.orm.utils.CrudORM - +----------------------------------------------------------*
2021-11-26 13:02:54,140 [main] INFO  com.revature.banking.orm.utils.CrudORM - Found <<--- 2 --->> target classes.

2021-11-26 13:02:54,140 [main] INFO  com.revature.banking.orm.utils.CrudORM - +----------------------------------------------------------*
2021-11-26 13:02:55,044 [main] INFO  com.revature.banking.orm.utils.CrudORM - app_users -- table does not exist.
2021-11-26 13:02:55,044 [main] INFO  com.revature.banking.orm.utils.CrudORM -  CREATE TABLE banking.app_users ( user_id varchar NOT NULL , first_name varchar ( 25) NOT NULL , last_name varchar ( 25) NOT NULL , email varchar ( 255) NOT NULL , username varchar ( 255) NOT NULL , password varchar ( 255) NOT NULL , date_added timestamp NOT NULL Default LOCALTIMESTAMP, CONSTRAINT app_users_user_id_pk PRIMARY KEY (user_id), CONSTRAINT app_users_first_name_check Check (((first_name)::text <> ''::text)), CONSTRAINT app_users_last_name_check Check (((last_name)::text <> ''::text)), CONSTRAINT app_users_email_key UNIQUE (email), CONSTRAINT app_users_email_check Check (((email)::text <> ''::text)), CONSTRAINT app_users_username_key UNIQUE (username), CONSTRAINT app_users_username_check Check (((username)::text <> ''::text)), CONSTRAINT app_users_password_check Check (((password)::text <> ''::text)) ); 
2021-11-26 13:02:55,322 [main] INFO  com.revature.banking.orm.utils.CrudORM - bank_accounts -- table does not exist.
2021-11-26 13:02:55,322 [main] INFO  com.revature.banking.orm.utils.CrudORM -  CREATE TABLE banking.bank_accounts ( bank_account_id varchar NOT NULL , account_name varchar ( 255) NOT NULL , account_number varchar ( 255) NOT NULL , account_type varchar ( 255) NOT NULL , balance float8 NOT NULL Default 0.00, creator_id varchar ( 255) NOT NULL , date_added timestamp NOT NULL Default LOCALTIMESTAMP, CONSTRAINT bank_accounts_bank_account_id_pk PRIMARY KEY (bank_account_id), CONSTRAINT bank_accounts_account_name_key UNIQUE (account_name), CONSTRAINT bank_accounts_account_name_check Check (((account_name)::text <> ''::text)), CONSTRAINT bank_accounts_account_number_key UNIQUE (account_number), CONSTRAINT bank_accounts_account_number_check Check (((account_number)::text <> ''::text)), CONSTRAINT bank_accounts_account_type_check Check (((account_type)::text <> ''::text)), CONSTRAINT bank_accounts_creator_id_check Check (((creator_id)::text <> ''::text)), CONSTRAINT bank_accounts_creator_id_fk FOREIGN KEY (creator_id) REFERENCES banking.app_users(user_id) ); 
2021-11-26 13:12:29,996 [main] INFO  com.revature.banking.orm.utils.CrudORM - +----------------------------------------------------------*
2021-11-26 13:12:30,000 [main] INFO  com.revature.banking.orm.utils.CrudORM - Found <<--- 2 --->> target classes.

2021-11-26 13:12:30,000 [main] INFO  com.revature.banking.orm.utils.CrudORM - +----------------------------------------------------------*
2021-11-26 13:12:30,862 [main] INFO  com.revature.banking.orm.utils.CrudORM - app_users -- table does not exist.
2021-11-26 13:12:30,862 [main] INFO  com.revature.banking.orm.utils.CrudORM -  CREATE TABLE banking.app_users ( user_id varchar NOT NULL , first_name varchar ( 25) NOT NULL , last_name varchar ( 25) NOT NULL , email varchar ( 255) NOT NULL , username varchar ( 255) NOT NULL , password varchar ( 255) NOT NULL , date_added timestamp NOT NULL Default LOCALTIMESTAMP, CONSTRAINT app_users_user_id_pk PRIMARY KEY (user_id), CONSTRAINT app_users_first_name_check Check (((first_name)::text <> ''::text)), CONSTRAINT app_users_last_name_check Check (((last_name)::text <> ''::text)), CONSTRAINT app_users_email_key UNIQUE (email), CONSTRAINT app_users_email_check Check (((email)::text <> ''::text)), CONSTRAINT app_users_username_key UNIQUE (username), CONSTRAINT app_users_username_check Check (((username)::text <> ''::text)), CONSTRAINT app_users_password_check Check (((password)::text <> ''::text)) ); 
2021-11-26 13:12:31,125 [main] INFO  com.revature.banking.orm.utils.CrudORM - bank_accounts -- table does not exist.
2021-11-26 13:12:31,125 [main] INFO  com.revature.banking.orm.utils.CrudORM -  CREATE TABLE banking.bank_accounts ( bank_account_id varchar NOT NULL , account_name varchar ( 255) NOT NULL , account_number varchar ( 255) NOT NULL , account_type varchar ( 255) NOT NULL , balance float8 NOT NULL Default 0.00, creator_id varchar ( 255) NOT NULL , date_added timestamp NOT NULL Default LOCALTIMESTAMP, CONSTRAINT bank_accounts_bank_account_id_pk PRIMARY KEY (bank_account_id), CONSTRAINT bank_accounts_account_name_key UNIQUE (account_name), CONSTRAINT bank_accounts_account_name_check Check (((account_name)::text <> ''::text)), CONSTRAINT bank_accounts_account_number_key UNIQUE (account_number), CONSTRAINT bank_accounts_account_number_check Check (((account_number)::text <> ''::text)), CONSTRAINT bank_accounts_account_type_check Check (((account_type)::text <> ''::text)), CONSTRAINT bank_accounts_creator_id_check Check (((creator_id)::text <> ''::text)), CONSTRAINT bank_accounts_creator_id_fk FOREIGN KEY (creator_id) REFERENCES banking.app_users(user_id) ); 
2021-11-26 13:17:46,349 [main] INFO  com.revature.banking.orm.utils.CrudORM - +----------------------------------------------------------*
2021-11-26 13:17:46,353 [main] INFO  com.revature.banking.orm.utils.CrudORM - Found <<--- 2 --->> target classes.

2021-11-26 13:17:46,353 [main] INFO  com.revature.banking.orm.utils.CrudORM - +----------------------------------------------------------*
2021-11-26 13:17:47,219 [main] INFO  com.revature.banking.orm.utils.CrudORM - app_users -- table does not exist.
2021-11-26 13:17:47,219 [main] INFO  com.revature.banking.orm.utils.CrudORM -  CREATE TABLE banking.app_users ( user_id varchar NOT NULL , first_name varchar ( 25) NOT NULL , last_name varchar ( 25) NOT NULL , email varchar ( 255) NOT NULL , username varchar ( 255) NOT NULL , password varchar ( 255) NOT NULL , date_added timestamp NOT NULL Default LOCALTIMESTAMP, CONSTRAINT app_users_user_id_pk PRIMARY KEY (user_id), CONSTRAINT app_users_first_name_check Check (((first_name)::text <> ''::text)), CONSTRAINT app_users_last_name_check Check (((last_name)::text <> ''::text)), CONSTRAINT app_users_email_key UNIQUE (email), CONSTRAINT app_users_email_check Check (((email)::text <> ''::text)), CONSTRAINT app_users_username_key UNIQUE (username), CONSTRAINT app_users_username_check Check (((username)::text <> ''::text)), CONSTRAINT app_users_password_check Check (((password)::text <> ''::text)) ); 
2021-11-26 13:17:47,486 [main] INFO  com.revature.banking.orm.utils.CrudORM - bank_accounts -- table does not exist.
2021-11-26 13:17:47,486 [main] INFO  com.revature.banking.orm.utils.CrudORM -  CREATE TABLE banking.bank_accounts ( bank_account_id varchar NOT NULL , account_name varchar ( 255) NOT NULL , account_number varchar ( 255) NOT NULL , account_type varchar ( 255) NOT NULL , balance float8 NOT NULL Default 0.00, creator_id varchar ( 255) NOT NULL , date_added timestamp NOT NULL Default LOCALTIMESTAMP, CONSTRAINT bank_accounts_bank_account_id_pk PRIMARY KEY (bank_account_id), CONSTRAINT bank_accounts_account_name_key UNIQUE (account_name), CONSTRAINT bank_accounts_account_name_check Check (((account_name)::text <> ''::text)), CONSTRAINT bank_accounts_account_number_key UNIQUE (account_number), CONSTRAINT bank_accounts_account_number_check Check (((account_number)::text <> ''::text)), CONSTRAINT bank_accounts_account_type_check Check (((account_type)::text <> ''::text)), CONSTRAINT bank_accounts_creator_id_check Check (((creator_id)::text <> ''::text)), CONSTRAINT bank_accounts_creator_id_fk FOREIGN KEY (creator_id) REFERENCES banking.app_users(user_id) ); 
2021-11-27 10:18:29,213 [main] INFO  com.revature.banking.orm.utils.CrudORM - insert into banking.bank_accounts( bank_account_id, account_name, account_number, account_type, balance, creator_id) values (?, ?, ?, ?, ?, ?)
2021-11-27 10:23:41,957 [main] INFO  com.revature.banking.orm.utils.CrudORM - insert into banking.bank_accounts( bank_account_id, account_name, account_number, account_type, balance, creator_id) values (?, ?, ?, ?, ?, ?)
2021-11-27 10:24:23,452 [main] INFO  com.revature.banking.orm.utils.CrudORM - insert into banking.bank_accounts( bank_account_id, account_name, account_number, account_type, balance, creator_id) values ('e7fcf1cc-aef4-4326-a422-5798221d05e0', 'valid_2', 'valid_2', 'valid_2', 7.77, 'valid_2')
2021-11-27 10:26:01,939 [main] INFO  com.revature.banking.orm.utils.CrudORM - insert into banking.bank_accounts( bank_account_id, account_name, account_number, account_type, balance, creator_id) values ('e91c42a2-1153-4bf5-baf3-c6fd36963c23', 'valid_2', 'valid_2', 'valid_2', 7.77, 'e7fcf1cc-aef4-4326-a422-5798221d05e0')
